<?xml version="1.0" encoding="UTF-8"?>
<!-- Generated by org.testng.reporters.JUnitReportReporter -->
<testsuite skipped="0" hostname="watts-PC" name="GetRequest.GetData" tests="1" failures="0" timestamp="15 Jan 2019 11:03:50 GMT" time="3.685" errors="0">
  <testcase name="testResponseCode" time="3.685" classname="GetRequest.GetData"/>
</testsuite> <!-- GetRequest.GetData -->
