<?xml version="1.0" encoding="UTF-8"?>
<!-- Generated by org.testng.reporters.JUnitReportReporter -->
<testsuite skipped="0" hostname="watts-PC" name="GetRequest.GetData" tests="2" failures="0" timestamp="15 Jan 2019 07:07:17 GMT" time="5.163" errors="0">
  <testcase name="testBody" time="3.926" classname="GetRequest.GetData"/>
  <testcase name="testResponseCode" time="1.237" classname="GetRequest.GetData"/>
</testsuite> <!-- GetRequest.GetData -->
